<?xml version="1.0" encoding="UTF-8"?>
<!-- Generated by org.testng.reporters.JUnitReportReporter -->
<testsuite hostname="DESKTOP-TI10KB2" failures="0" tests="1" name="homeWork5.Homework_Session5" time="8.086" errors="0" timestamp="2021-10-06T08:49:44 CDT" skipped="0">
  <testcase classname="homeWork5.Homework_Session5" name="logintest" time="8.086"/>
  <system-out/>
</testsuite> <!-- homeWork5.Homework_Session5 -->
